  b2BroadPhase.cpp
d:\programmes(data)\windows\bureau\mt_case\box2d\box2d\collision\b2broadphase.cpp(19): fatal error C1083: Impossible d'ouvrir le fichier include : 'Box2D/Collision/b2BroadPhase.h' : No such file or directory
  b2CollideCircle.cpp
d:\programmes(data)\windows\bureau\mt_case\box2d\box2d\collision\b2collidecircle.cpp(19): fatal error C1083: Impossible d'ouvrir le fichier include : 'Box2D/Collision/b2Collision.h' : No such file or directory
  b2CollideEdge.cpp
d:\programmes(data)\windows\bureau\mt_case\box2d\box2d\collision\b2collideedge.cpp(19): fatal error C1083: Impossible d'ouvrir le fichier include : 'Box2D/Collision/b2Collision.h' : No such file or directory
  b2CollidePolygon.cpp
d:\programmes(data)\windows\bureau\mt_case\box2d\box2d\collision\b2collidepolygon.cpp(19): fatal error C1083: Impossible d'ouvrir le fichier include : 'Box2D/Collision/b2Collision.h' : No such file or directory
  b2Collision.cpp
d:\programmes(data)\windows\bureau\mt_case\box2d\box2d\collision\b2collision.cpp(19): fatal error C1083: Impossible d'ouvrir le fichier include : 'Box2D/Collision/b2Collision.h' : No such file or directory
  b2Distance.cpp
d:\programmes(data)\windows\bureau\mt_case\box2d\box2d\collision\b2distance.cpp(19): fatal error C1083: Impossible d'ouvrir le fichier include : 'Box2D/Collision/b2Distance.h' : No such file or directory
  b2DynamicTree.cpp
d:\programmes(data)\windows\bureau\mt_case\box2d\box2d\collision\b2dynamictree.cpp(19): fatal error C1083: Impossible d'ouvrir le fichier include : 'Box2D/Collision/b2DynamicTree.h' : No such file or directory
  b2TimeOfImpact.cpp
d:\programmes(data)\windows\bureau\mt_case\box2d\box2d\collision\b2timeofimpact.cpp(19): fatal error C1083: Impossible d'ouvrir le fichier include : 'Box2D/Collision/b2Collision.h' : No such file or directory
  b2ChainShape.cpp
d:\programmes(data)\windows\bureau\mt_case\box2d\box2d\collision\shapes\b2chainshape.cpp(19): fatal error C1083: Impossible d'ouvrir le fichier include : 'Box2D/Collision/Shapes/b2ChainShape.h' : No such file or directory
  b2CircleShape.cpp
d:\programmes(data)\windows\bureau\mt_case\box2d\box2d\collision\shapes\b2circleshape.cpp(19): fatal error C1083: Impossible d'ouvrir le fichier include : 'Box2D/Collision/Shapes/b2CircleShape.h' : No such file or directory
  b2EdgeShape.cpp
d:\programmes(data)\windows\bureau\mt_case\box2d\box2d\collision\shapes\b2edgeshape.cpp(19): fatal error C1083: Impossible d'ouvrir le fichier include : 'Box2D/Collision/Shapes/b2EdgeShape.h' : No such file or directory
  b2PolygonShape.cpp
d:\programmes(data)\windows\bureau\mt_case\box2d\box2d\collision\shapes\b2polygonshape.cpp(19): fatal error C1083: Impossible d'ouvrir le fichier include : 'Box2D/Collision/Shapes/b2PolygonShape.h' : No such file or directory
  b2BlockAllocator.cpp
d:\programmes(data)\windows\bureau\mt_case\box2d\box2d\common\b2blockallocator.cpp(19): fatal error C1083: Impossible d'ouvrir le fichier include : 'Box2D/Common/b2BlockAllocator.h' : No such file or directory
  b2Draw.cpp
d:\programmes(data)\windows\bureau\mt_case\box2d\box2d\common\b2draw.cpp(19): fatal error C1083: Impossible d'ouvrir le fichier include : 'Box2D/Common/b2Draw.h' : No such file or directory
  b2Math.cpp
d:\programmes(data)\windows\bureau\mt_case\box2d\box2d\common\b2math.cpp(19): fatal error C1083: Impossible d'ouvrir le fichier include : 'Box2D/Common/b2Math.h' : No such file or directory
  b2Settings.cpp
d:\programmes(data)\windows\bureau\mt_case\box2d\box2d\common\b2settings.cpp(19): fatal error C1083: Impossible d'ouvrir le fichier include : 'Box2D/Common/b2Settings.h' : No such file or directory
  b2StackAllocator.cpp
d:\programmes(data)\windows\bureau\mt_case\box2d\box2d\common\b2stackallocator.cpp(19): fatal error C1083: Impossible d'ouvrir le fichier include : 'Box2D/Common/b2StackAllocator.h' : No such file or directory
  b2Timer.cpp
d:\programmes(data)\windows\bureau\mt_case\box2d\box2d\common\b2timer.cpp(19): fatal error C1083: Impossible d'ouvrir le fichier include : 'Box2D/Common/b2Timer.h' : No such file or directory
  b2Body.cpp
d:\programmes(data)\windows\bureau\mt_case\box2d\box2d\dynamics\b2body.cpp(19): fatal error C1083: Impossible d'ouvrir le fichier include : 'Box2D/Dynamics/b2Body.h' : No such file or directory
  b2ContactManager.cpp
d:\programmes(data)\windows\bureau\mt_case\box2d\box2d\dynamics\b2contactmanager.cpp(19): fatal error C1083: Impossible d'ouvrir le fichier include : 'Box2D/Dynamics/b2ContactManager.h' : No such file or directory
  Génération de code en cours...
  Compilation en cours...
  b2Fixture.cpp
d:\programmes(data)\windows\bureau\mt_case\box2d\box2d\dynamics\b2fixture.cpp(19): fatal error C1083: Impossible d'ouvrir le fichier include : 'Box2D/Dynamics/b2Fixture.h' : No such file or directory
  b2Island.cpp
d:\programmes(data)\windows\bureau\mt_case\box2d\box2d\dynamics\b2island.cpp(19): fatal error C1083: Impossible d'ouvrir le fichier include : 'Box2D/Collision/b2Distance.h' : No such file or directory
  b2World.cpp
d:\programmes(data)\windows\bureau\mt_case\box2d\box2d\dynamics\b2world.cpp(19): fatal error C1083: Impossible d'ouvrir le fichier include : 'Box2D/Dynamics/b2World.h' : No such file or directory
  b2WorldCallbacks.cpp
d:\programmes(data)\windows\bureau\mt_case\box2d\box2d\dynamics\b2worldcallbacks.cpp(19): fatal error C1083: Impossible d'ouvrir le fichier include : 'Box2D/Dynamics/b2WorldCallbacks.h' : No such file or directory
  b2ChainAndCircleContact.cpp
d:\programmes(data)\windows\bureau\mt_case\box2d\box2d\dynamics\contacts\b2chainandcirclecontact.cpp(19): fatal error C1083: Impossible d'ouvrir le fichier include : 'Box2D/Dynamics/Contacts/b2ChainAndCircleContact.h' : No such file or directory
  b2ChainAndPolygonContact.cpp
d:\programmes(data)\windows\bureau\mt_case\box2d\box2d\dynamics\contacts\b2chainandpolygoncontact.cpp(19): fatal error C1083: Impossible d'ouvrir le fichier include : 'Box2D/Dynamics/Contacts/b2ChainAndPolygonContact.h' : No such file or directory
  b2CircleContact.cpp
d:\programmes(data)\windows\bureau\mt_case\box2d\box2d\dynamics\contacts\b2circlecontact.cpp(19): fatal error C1083: Impossible d'ouvrir le fichier include : 'Box2D/Dynamics/Contacts/b2CircleContact.h' : No such file or directory
  b2Contact.cpp
d:\programmes(data)\windows\bureau\mt_case\box2d\box2d\dynamics\contacts\b2contact.cpp(19): fatal error C1083: Impossible d'ouvrir le fichier include : 'Box2D/Dynamics/Contacts/b2Contact.h' : No such file or directory
  b2ContactSolver.cpp
d:\programmes(data)\windows\bureau\mt_case\box2d\box2d\dynamics\contacts\b2contactsolver.cpp(19): fatal error C1083: Impossible d'ouvrir le fichier include : 'Box2D/Dynamics/Contacts/b2ContactSolver.h' : No such file or directory
  b2EdgeAndCircleContact.cpp
d:\programmes(data)\windows\bureau\mt_case\box2d\box2d\dynamics\contacts\b2edgeandcirclecontact.cpp(19): fatal error C1083: Impossible d'ouvrir le fichier include : 'Box2D/Dynamics/Contacts/b2EdgeAndCircleContact.h' : No such file or directory
  b2EdgeAndPolygonContact.cpp
d:\programmes(data)\windows\bureau\mt_case\box2d\box2d\dynamics\contacts\b2edgeandpolygoncontact.cpp(19): fatal error C1083: Impossible d'ouvrir le fichier include : 'Box2D/Dynamics/Contacts/b2EdgeAndPolygonContact.h' : No such file or directory
  b2PolygonAndCircleContact.cpp
d:\programmes(data)\windows\bureau\mt_case\box2d\box2d\dynamics\contacts\b2polygonandcirclecontact.cpp(19): fatal error C1083: Impossible d'ouvrir le fichier include : 'Box2D/Dynamics/Contacts/b2PolygonAndCircleContact.h' : No such file or directory
  b2PolygonContact.cpp
d:\programmes(data)\windows\bureau\mt_case\box2d\box2d\dynamics\contacts\b2polygoncontact.cpp(19): fatal error C1083: Impossible d'ouvrir le fichier include : 'Box2D/Dynamics/Contacts/b2PolygonContact.h' : No such file or directory
  b2DistanceJoint.cpp
d:\programmes(data)\windows\bureau\mt_case\box2d\box2d\dynamics\joints\b2distancejoint.cpp(19): fatal error C1083: Impossible d'ouvrir le fichier include : 'Box2D/Dynamics/Joints/b2DistanceJoint.h' : No such file or directory
  b2FrictionJoint.cpp
d:\programmes(data)\windows\bureau\mt_case\box2d\box2d\dynamics\joints\b2frictionjoint.cpp(19): fatal error C1083: Impossible d'ouvrir le fichier include : 'Box2D/Dynamics/Joints/b2FrictionJoint.h' : No such file or directory
  b2GearJoint.cpp
d:\programmes(data)\windows\bureau\mt_case\box2d\box2d\dynamics\joints\b2gearjoint.cpp(19): fatal error C1083: Impossible d'ouvrir le fichier include : 'Box2D/Dynamics/Joints/b2GearJoint.h' : No such file or directory
  b2Joint.cpp
d:\programmes(data)\windows\bureau\mt_case\box2d\box2d\dynamics\joints\b2joint.cpp(19): fatal error C1083: Impossible d'ouvrir le fichier include : 'Box2D/Dynamics/Joints/b2Joint.h' : No such file or directory
  b2MotorJoint.cpp
d:\programmes(data)\windows\bureau\mt_case\box2d\box2d\dynamics\joints\b2motorjoint.cpp(19): fatal error C1083: Impossible d'ouvrir le fichier include : 'Box2D/Dynamics/Joints/b2MotorJoint.h' : No such file or directory
  b2MouseJoint.cpp
d:\programmes(data)\windows\bureau\mt_case\box2d\box2d\dynamics\joints\b2mousejoint.cpp(19): fatal error C1083: Impossible d'ouvrir le fichier include : 'Box2D/Dynamics/Joints/b2MouseJoint.h' : No such file or directory
  b2PrismaticJoint.cpp
d:\programmes(data)\windows\bureau\mt_case\box2d\box2d\dynamics\joints\b2prismaticjoint.cpp(19): fatal error C1083: Impossible d'ouvrir le fichier include : 'Box2D/Dynamics/Joints/b2PrismaticJoint.h' : No such file or directory
  Génération de code en cours...
  Compilation en cours...
  b2PulleyJoint.cpp
d:\programmes(data)\windows\bureau\mt_case\box2d\box2d\dynamics\joints\b2pulleyjoint.cpp(19): fatal error C1083: Impossible d'ouvrir le fichier include : 'Box2D/Dynamics/Joints/b2PulleyJoint.h' : No such file or directory
  b2RevoluteJoint.cpp
d:\programmes(data)\windows\bureau\mt_case\box2d\box2d\dynamics\joints\b2revolutejoint.cpp(19): fatal error C1083: Impossible d'ouvrir le fichier include : 'Box2D/Dynamics/Joints/b2RevoluteJoint.h' : No such file or directory
  b2RopeJoint.cpp
d:\programmes(data)\windows\bureau\mt_case\box2d\box2d\dynamics\joints\b2ropejoint.cpp(19): fatal error C1083: Impossible d'ouvrir le fichier include : 'Box2D/Dynamics/Joints/b2RopeJoint.h' : No such file or directory
  b2WeldJoint.cpp
d:\programmes(data)\windows\bureau\mt_case\box2d\box2d\dynamics\joints\b2weldjoint.cpp(19): fatal error C1083: Impossible d'ouvrir le fichier include : 'Box2D/Dynamics/Joints/b2WeldJoint.h' : No such file or directory
  b2WheelJoint.cpp
d:\programmes(data)\windows\bureau\mt_case\box2d\box2d\dynamics\joints\b2wheeljoint.cpp(19): fatal error C1083: Impossible d'ouvrir le fichier include : 'Box2D/Dynamics/Joints/b2WheelJoint.h' : No such file or directory
  b2Rope.cpp
d:\programmes(data)\windows\bureau\mt_case\box2d\box2d\rope\b2rope.cpp(19): fatal error C1083: Impossible d'ouvrir le fichier include : 'Box2D/Rope/b2Rope.h' : No such file or directory
  Génération de code en cours...
